TN:
SF:src\app.js
FN:9,(anonymous_0)
FN:17,(anonymous_1)
FNF:2
FNH:0
FNDA:0,(anonymous_0)
FNDA:0,(anonymous_1)
DA:1,1
DA:2,1
DA:4,1
DA:6,1
DA:7,1
DA:9,1
DA:10,0
DA:11,0
DA:14,1
DA:16,1
DA:17,0
DA:18,0
DA:22,1
LF:13
LH:9
BRDA:14,0,0,1
BRDA:14,0,1,1
BRDA:16,1,0,0
BRDA:16,1,1,1
BRF:4
BRH:3
end_of_record
TN:
SF:src\routes\tasks.js
FN:7,(anonymous_0)
FN:13,(anonymous_1)
FN:33,(anonymous_2)
FN:44,(anonymous_3)
FN:59,(anonymous_4)
FN:69,(anonymous_5)
FN:80,(anonymous_6)
FNF:7
FNH:7
FNDA:1,(anonymous_0)
FNDA:1,(anonymous_1)
FNDA:7,(anonymous_2)
FNDA:2,(anonymous_3)
FNDA:2,(anonymous_4)
FNDA:1,(anonymous_5)
FNDA:3,(anonymous_6)
DA:1,1
DA:2,1
DA:3,1
DA:4,1
DA:7,1
DA:8,1
DA:9,1
DA:13,1
DA:14,1
DA:16,1
DA:17,0
DA:18,0
DA:21,1
DA:22,0
DA:23,0
DA:24,0
DA:25,0
DA:28,1
DA:29,1
DA:33,1
DA:34,7
DA:35,7
DA:36,1
DA:39,6
DA:40,6
DA:44,1
DA:45,2
DA:46,2
DA:47,0
DA:50,2
DA:51,2
DA:52,1
DA:55,1
DA:59,1
DA:60,2
DA:61,2
DA:62,1
DA:65,1
DA:69,1
DA:70,1
DA:71,1
DA:72,0
DA:75,1
DA:80,1
DA:81,3
DA:84,3
DA:85,1
DA:89,2
DA:93,2
DA:94,1
DA:97,1
DA:101,1
LF:52
LH:44
BRDA:16,0,0,0
BRDA:16,0,1,1
BRDA:21,1,0,0
BRDA:21,1,1,1
BRDA:21,2,0,1
BRDA:21,2,1,1
BRDA:22,3,0,0
BRDA:22,3,1,0
BRDA:23,4,0,0
BRDA:23,4,1,0
BRDA:35,5,0,1
BRDA:35,5,1,6
BRDA:46,6,0,0
BRDA:46,6,1,2
BRDA:51,7,0,1
BRDA:51,7,1,1
BRDA:61,8,0,1
BRDA:61,8,1,1
BRDA:71,9,0,0
BRDA:71,9,1,1
BRDA:84,10,0,1
BRDA:84,10,1,2
BRDA:84,11,0,3
BRDA:84,11,1,2
BRDA:93,12,0,1
BRDA:93,12,1,1
BRF:26
BRH:18
end_of_record
TN:
SF:src\services\taskService.js
FN:5,(anonymous_0)
FN:7,(anonymous_1)
FN:7,(anonymous_2)
FN:9,(anonymous_3)
FN:9,(anonymous_4)
FN:11,(anonymous_5)
FN:16,(anonymous_6)
FN:21,(anonymous_7)
FN:31,(anonymous_8)
FN:46,(anonymous_9)
FN:47,(anonymous_10)
FN:55,(anonymous_11)
FN:56,(anonymous_12)
FN:63,(anonymous_13)
FN:74,(anonymous_14)
FN:79,(anonymous_15)
FNF:16
FNH:12
FNDA:1,(anonymous_0)
FNDA:1,(anonymous_1)
FNDA:3,(anonymous_2)
FNDA:0,(anonymous_3)
FNDA:0,(anonymous_4)
FNDA:0,(anonymous_5)
FNDA:1,(anonymous_6)
FNDA:3,(anonymous_7)
FNDA:9,(anonymous_8)
FNDA:6,(anonymous_9)
FNDA:16,(anonymous_10)
FNDA:4,(anonymous_11)
FNDA:10,(anonymous_12)
FNDA:1,(anonymous_13)
FNDA:3,(anonymous_14)
FNDA:0,(anonymous_15)
DA:1,2
DA:3,2
DA:5,2
DA:7,3
DA:9,2
DA:11,2
DA:12,0
DA:13,0
DA:16,2
DA:17,1
DA:18,1
DA:19,1
DA:21,1
DA:22,3
DA:23,3
DA:24,0
DA:28,1
DA:31,2
DA:32,9
DA:42,9
DA:43,9
DA:46,2
DA:47,16
DA:48,6
DA:50,3
DA:51,3
DA:52,3
DA:55,2
DA:56,10
DA:57,4
DA:59,2
DA:60,2
DA:63,2
DA:64,1
DA:65,1
DA:67,1
DA:74,3
DA:75,1
DA:76,1
DA:79,2
DA:80,0
DA:83,2
LF:42
LH:38
BRDA:22,0,0,3
BRDA:22,0,1,0
BRDA:23,1,0,0
BRDA:23,1,1,3
BRDA:23,2,0,3
BRDA:23,2,1,0
BRDA:23,2,2,0
BRDA:31,3,0,9
BRDA:31,4,0,9
BRDA:31,5,0,9
BRDA:31,6,0,9
BRDA:48,7,0,3
BRDA:48,7,1,3
BRDA:57,8,0,2
BRDA:57,8,1,2
BRDA:65,9,0,0
BRDA:65,9,1,1
BRF:17
BRH:12
end_of_record
TN:
SF:src\utils\validators.js
FN:4,(anonymous_0)
FN:20,(anonymous_1)
FNF:2
FNH:2
FNDA:7,(anonymous_0)
FNDA:2,(anonymous_1)
DA:1,1
DA:2,1
DA:4,1
DA:5,7
DA:6,1
DA:8,6
DA:9,0
DA:11,6
DA:12,0
DA:14,6
DA:15,0
DA:17,6
DA:20,1
DA:21,2
DA:22,0
DA:24,2
DA:25,0
DA:27,2
DA:28,0
DA:30,2
DA:31,0
DA:33,2
DA:36,1
LF:23
LH:16
BRDA:5,0,0,1
BRDA:5,0,1,6
BRDA:5,1,0,7
BRDA:5,1,1,6
BRDA:5,1,2,6
BRDA:8,2,0,0
BRDA:8,2,1,6
BRDA:8,3,0,6
BRDA:8,3,1,0
BRDA:11,4,0,0
BRDA:11,4,1,6
BRDA:11,5,0,6
BRDA:11,5,1,0
BRDA:14,6,0,0
BRDA:14,6,1,6
BRDA:14,7,0,6
BRDA:14,7,1,0
BRDA:21,8,0,0
BRDA:21,8,1,2
BRDA:21,9,0,2
BRDA:21,9,1,2
BRDA:21,9,2,2
BRDA:24,10,0,0
BRDA:24,10,1,2
BRDA:24,11,0,2
BRDA:24,11,1,0
BRDA:27,12,0,0
BRDA:27,12,1,2
BRDA:27,13,0,2
BRDA:27,13,1,0
BRDA:30,14,0,0
BRDA:30,14,1,2
BRDA:30,15,0,2
BRDA:30,15,1,0
BRF:34
BRH:21
end_of_record
